<?xml version="1.0" encoding="UTF-8"?>
<!-- Generated by org.testng.reporters.JUnitReportReporter -->
<testsuite hostname="LAPTOP-61TVAV0V" failures="0" tests="2" name="Tests.SelendroidIntegrationTest" time="4.816" errors="1" timestamp="25 Nov 2020 02:53:28 GMT" skipped="1">
  <testcase classname="Tests.SelendroidIntegrationTest" name="testShouldBeAbleToEnterText" time="0.000">
    <skipped/>
  </testcase> <!-- testShouldBeAbleToEnterText -->
  <testcase classname="Tests.SelendroidIntegrationTest" name="startSelendroidServer" time="4.816">
    <error message="io.selendroid.standalone.exceptions.AndroidDeviceException: io.selendroid.standalone.exceptions.ShellCommandException: Error executing shell command: C:\Program_Files\UFT_Mobile_AddIn_LocalDevice\server\android-sdk-windows\tools\android.bat list avds" type="java.lang.RuntimeException">
      <![CDATA[java.lang.RuntimeException: io.selendroid.standalone.exceptions.AndroidDeviceException: io.selendroid.standalone.exceptions.ShellCommandException: Error executing shell command: C:\Program_Files\UFT_Mobile_AddIn_LocalDevice\server\android-sdk-windows\tools\android.bat list avds
at com.google.common.base.Throwables.propagate(Throwables.java:160)
at io.selendroid.standalone.SelendroidLauncher.launchServer(SelendroidLauncher.java:75)
at io.selendroid.standalone.SelendroidLauncher.launchSelendroid(SelendroidLauncher.java:90)
at Tests.SelendroidIntegrationTest.startSelendroidServer(SelendroidIntegrationTest.java:36)
at java.base/jdk.internal.reflect.NativeMethodAccessorImpl.invoke0(Native Method)
at java.base/jdk.internal.reflect.NativeMethodAccessorImpl.invoke(NativeMethodAccessorImpl.java:64)
at java.base/jdk.internal.reflect.DelegatingMethodAccessorImpl.invoke(DelegatingMethodAccessorImpl.java:43)
at java.base/java.lang.reflect.Method.invoke(Method.java:564)
at org.testng.internal.MethodInvocationHelper.invokeMethod(MethodInvocationHelper.java:124)
at org.testng.internal.MethodInvocationHelper.invokeMethodConsideringTimeout(MethodInvocationHelper.java:59)
at org.testng.internal.Invoker.invokeConfigurationMethod(Invoker.java:458)
at org.testng.internal.Invoker.invokeConfigurations(Invoker.java:222)
at org.testng.internal.Invoker.invokeConfigurations(Invoker.java:142)
at org.testng.internal.TestMethodWorker.invokeBeforeClassMethods(TestMethodWorker.java:168)
at org.testng.internal.TestMethodWorker.run(TestMethodWorker.java:105)
at org.testng.TestRunner.privateRun(TestRunner.java:648)
at org.testng.TestRunner.run(TestRunner.java:505)
at org.testng.SuiteRunner.runTest(SuiteRunner.java:455)
at org.testng.SuiteRunner.runSequentially(SuiteRunner.java:450)
at org.testng.SuiteRunner.privateRun(SuiteRunner.java:415)
at org.testng.SuiteRunner.run(SuiteRunner.java:364)
at org.testng.SuiteRunnerWorker.runSuite(SuiteRunnerWorker.java:52)
at org.testng.SuiteRunnerWorker.run(SuiteRunnerWorker.java:84)
at org.testng.TestNG.runSuitesSequentially(TestNG.java:1208)
at org.testng.TestNG.runSuitesLocally(TestNG.java:1137)
at org.testng.TestNG.runSuites(TestNG.java:1049)
at org.testng.TestNG.run(TestNG.java:1017)
at org.testng.remote.AbstractRemoteTestNG.run(AbstractRemoteTestNG.java:115)
at org.testng.remote.RemoteTestNG.initAndRun(RemoteTestNG.java:251)
at org.testng.remote.RemoteTestNG.main(RemoteTestNG.java:77)
Caused by: io.selendroid.standalone.exceptions.AndroidDeviceException: io.selendroid.standalone.exceptions.ShellCommandException: Error executing shell command: C:\Program_Files\UFT_Mobile_AddIn_LocalDevice\server\android-sdk-windows\tools\android.bat list avds
at io.selendroid.standalone.android.impl.DefaultAndroidEmulator.listAvailableAvds(DefaultAndroidEmulator.java:154)
at io.selendroid.standalone.server.model.DeviceStore.initAndroidDevices(DeviceStore.java:124)
at io.selendroid.standalone.server.model.SelendroidStandaloneDriver.initAndroidDevices(SelendroidStandaloneDriver.java:185)
at io.selendroid.standalone.server.model.SelendroidStandaloneDriver.<init>(SelendroidStandaloneDriver.java:95)
at io.selendroid.standalone.server.SelendroidStandaloneServer.initializeSelendroidServer(SelendroidStandaloneServer.java:63)
at io.selendroid.standalone.server.SelendroidStandaloneServer.<init>(SelendroidStandaloneServer.java:52)
at io.selendroid.standalone.SelendroidLauncher.launchServer(SelendroidLauncher.java:65)
... 28 more
Caused by: io.selendroid.standalone.exceptions.ShellCommandException: Error executing shell command: C:\Program_Files\UFT_Mobile_AddIn_LocalDevice\server\android-sdk-windows\tools\android.bat list avds
at io.selendroid.standalone.io.ShellCommand.exec(ShellCommand.java:56)
at io.selendroid.standalone.android.impl.DefaultAndroidEmulator.listAvailableAvds(DefaultAndroidEmulator.java:152)
... 34 more
Caused by: io.selendroid.standalone.exceptions.ShellCommandException: **************************************************************************
The "android" command is deprecated.
For manual SDK, AVD, and project management, please use Android Studio.
For command-line tools, use tools\bin\sdkmanager.bat
and tools\bin\avdmanager.bat
**************************************************************************

Invalid or unsupported command "list avds"

Supported commands are:
android list target
android list avd
android list device
android create avd
android move avd
android delete avd
android list sdk
android update sdk

... 36 more
]]>
    </error>
  </testcase> <!-- startSelendroidServer -->
</testsuite> <!-- Tests.SelendroidIntegrationTest -->
